2025-02-17 12:17:56 info: Connected to DB successfully
2025-02-17 12:26:46 warn: MongoDB disconnected
2025-02-17 12:27:08 warn: MongoDB disconnected
2025-02-17 12:28:40 info: Connected to MongoDB successfully
2025-02-17 12:28:40 info: Connected to DB successfully
2025-02-17 12:28:40 info: Server is running on port 3000
2025-02-17 12:28:40 info: Connected to MongoDB successfully
2025-02-17 12:32:44 info: Connected to MongoDB successfully
2025-02-17 12:32:44 info: Connected to DB successfully
2025-02-17 12:32:44 info: Server is running on port 3000
2025-02-17 12:32:47 info: Connected to MongoDB successfully
Meta: {}
2025-02-17 12:32:47 info: Connected to DB successfully
Meta: {}
2025-02-17 12:32:47 info: Server is running on port 3000
Meta: {}
2025-02-17 12:32:52 info: Connected to MongoDB successfully
Meta: {}
2025-02-17 12:32:52 info: Connected to DB successfully
Meta: {}
2025-02-17 12:32:52 info: Server is running on port 3000
Meta: {}
2025-02-17 12:32:56 info: Connected to MongoDB successfully
Meta: {}
2025-02-17 12:32:56 info: Connected to DB successfully
Meta: {}
2025-02-17 12:32:56 info: Server is running on port 3000
Meta: {}
2025-02-17 12:34:39 warn: MongoDB disconnected
Meta: {}
2025-02-17 12:37:05 warn: MongoDB disconnected
2025-02-20 22:56:15 warn: MongoDB disconnected
2025-02-20 22:56:15 warn: MongoDB disconnected
2025-02-20 22:56:15 warn: MongoDB disconnected
2025-02-20 22:56:15 warn: MongoDB disconnected
2025-02-20 22:56:16 warn: MongoDB disconnected
2025-02-20 22:56:16 warn: MongoDB disconnected
2025-02-20 22:56:16 warn: MongoDB disconnected
2025-02-20 22:56:16 warn: MongoDB disconnected
2025-02-20 22:57:23 warn: MongoDB disconnected
2025-02-20 22:57:23 warn: MongoDB disconnected
2025-02-20 22:57:23 warn: MongoDB disconnected
2025-02-20 22:57:23 warn: MongoDB disconnected
2025-02-20 22:57:23 warn: MongoDB disconnected
2025-02-20 22:57:23 warn: MongoDB disconnected
2025-02-20 22:57:23 warn: MongoDB disconnected
2025-02-20 22:57:23 warn: MongoDB disconnected
2025-02-20 22:58:03 warn: MongoDB disconnected
2025-02-20 22:58:14 warn: MongoDB disconnected
2025-02-20 23:01:55 info: Connected to MongoDB successfully
2025-02-20 23:02:04 info: Connected to MongoDB successfully
2025-02-20 23:05:07 info: Connected to MongoDB successfully
2025-02-20 23:08:49 info: Connected to MongoDB successfully
2025-02-20 23:08:49 info: Connected to DB successfully
2025-02-20 23:08:49 info: Server is running on port 3000
2025-02-20 23:09:47 error: Registration error
2025-02-20 23:09:54 info: Connected to MongoDB successfully
2025-02-20 23:10:24 info: Connected to MongoDB successfully
2025-02-20 23:10:24 info: Connected to DB successfully
2025-02-20 23:10:24 info: Server is running on port 3000
2025-02-20 23:10:36 info: Connected to MongoDB successfully
2025-02-20 23:10:36 info: Connected to DB successfully
2025-02-20 23:10:36 info: Server is running on port 3000
2025-02-20 23:11:02 error: Registration error
2025-02-20 23:12:20 info: Connected to MongoDB successfully
2025-02-20 23:12:20 info: Connected to DB successfully
2025-02-20 23:12:20 info: Server is running on port 3000
2025-02-20 23:12:31 error: Token generation failed
2025-02-20 23:12:31 error: Registration error
2025-02-20 23:13:22 info: Connected to MongoDB successfully
2025-02-20 23:13:22 info: Connected to DB successfully
2025-02-20 23:13:22 info: Server is running on port 3000
2025-02-20 23:13:34 error: Registration error
2025-02-20 23:13:43 error: Token generation failed
2025-02-20 23:13:43 error: Registration error
2025-02-20 23:14:01 info: Connected to MongoDB successfully
2025-02-20 23:14:01 info: Connected to DB successfully
2025-02-20 23:14:01 info: Server is running on port 3000
2025-02-20 23:14:13 info: User registered successfully
2025-02-20 23:15:55 info: Connected to MongoDB successfully
2025-02-20 23:15:55 info: Connected to DB successfully
2025-02-20 23:15:55 info: Server is running on port 3000
2025-02-20 23:16:31 info: Connected to MongoDB successfully
2025-02-20 23:16:31 info: Connected to DB successfully
2025-02-20 23:16:31 info: Server is running on port 3000
2025-02-20 23:17:04 info: Connected to MongoDB successfully
2025-02-20 23:17:04 info: Connected to DB successfully
2025-02-20 23:17:04 info: Server is running on port 3000
2025-03-05 23:48:11 warn: MongoDB disconnected
2025-04-23 15:19:23 warn: MongoDB disconnected
2025-04-23 15:20:32 warn: MongoDB disconnected
2025-04-23 15:23:36 warn: MongoDB disconnected
2025-04-23 15:27:46 warn: MongoDB disconnected
2025-04-23 15:30:14 warn: MongoDB disconnected
2025-04-23 15:34:27 warn: MongoDB disconnected
2025-04-23 15:35:19 info: Connected to MongoDB successfully
2025-04-23 15:35:19 info: Connected to DB successfully
2025-04-23 15:35:19 info: Server is running on port 3000
